This file contains any messages produced by compilers while
running configure, to aid debugging if configure makes a mistake.

It was created by FULL-PACKAGE-NAME configure VERSION, which was
generated by GNU Autoconf 2.63.  Invocation command line was

  $ ./configure 

## --------- ##
## Platform. ##
## --------- ##

hostname = kics
uname -m = x86_64
uname -r = 2.6.33.3-85.fc13.x86_64
uname -s = Linux
uname -v = #1 SMP Thu May 6 18:09:49 UTC 2010

/usr/bin/uname -p = unknown
/bin/uname -X     = unknown

/bin/arch              = x86_64
/usr/bin/arch -k       = unknown
/usr/convex/getsysinfo = unknown
/usr/bin/hostinfo      = unknown
/bin/machine           = unknown
/usr/bin/oslevel       = unknown
/bin/universe          = unknown

PATH: /usr/lib64/ccache
PATH: /usr/lib64/ccache
PATH: /usr/lib64/qt-3.3/bin
PATH: /usr/kerberos/sbin
PATH: /usr/kerberos/bin
PATH: /usr/lib64/ccache
PATH: /usr/local/bin
PATH: /usr/bin
PATH: /bin
PATH: /usr/local/sbin
PATH: /usr/sbin
PATH: /sbin
PATH: /home/ahmed/bin


## ----------- ##
## Core tests. ##
## ----------- ##

configure:1835: checking for gcc
configure:1851: found /usr/lib64/ccache/gcc
configure:1862: result: gcc
configure:2094: checking for C compiler version
configure:2102: gcc --version >&5
gcc (GCC) 4.4.5 20101112 (Red Hat 4.4.5-2)
Copyright (C) 2010 Free Software Foundation, Inc.
This is free software; see the source for copying conditions.  There is NO
warranty; not even for MERCHANTABILITY or FITNESS FOR A PARTICULAR PURPOSE.

configure:2106: $? = 0
configure:2113: gcc -v >&5
Using built-in specs.
Target: x86_64-redhat-linux
Configured with: ../configure --prefix=/usr --mandir=/usr/share/man --infodir=/usr/share/info --with-bugurl=http://bugzilla.redhat.com/bugzilla --enable-bootstrap --enable-shared --enable-threads=posix --enable-checking=release --with-system-zlib --enable-__cxa_atexit --disable-libunwind-exceptions --enable-gnu-unique-object --enable-languages=c,c++,objc,obj-c++,java,fortran,ada --enable-java-awt=gtk --disable-dssi --with-java-home=/usr/lib/jvm/java-1.5.0-gcj-1.5.0.0/jre --enable-libgcj-multifile --enable-java-maintainer-mode --with-ecj-jar=/usr/share/java/eclipse-ecj.jar --disable-libjava-multilib --with-ppl --with-cloog --with-tune=generic --with-arch_32=i686 --build=x86_64-redhat-linux
Thread model: posix
gcc version 4.4.5 20101112 (Red Hat 4.4.5-2) (GCC) 
configure:2117: $? = 0
configure:2124: gcc -V >&5
gcc: '-V' option must have argument
configure:2128: $? = 1
configure:2151: checking for C compiler default output file name
configure:2173: gcc    conftest.c  >&5
configure:2177: $? = 0
configure:2215: result: a.out
configure:2234: checking whether the C compiler works
configure:2244: ./a.out
configure:2248: $? = 0
configure:2267: result: yes
configure:2274: checking whether we are cross compiling
configure:2276: result: no
configure:2279: checking for suffix of executables
configure:2286: gcc -o conftest    conftest.c  >&5
configure:2290: $? = 0
configure:2316: result: 
configure:2322: checking for suffix of object files
configure:2348: gcc -c   conftest.c >&5
configure:2352: $? = 0
configure:2377: result: o
configure:2381: checking whether we are using the GNU C compiler
configure:2410: gcc -c   conftest.c >&5
configure:2417: $? = 0
configure:2434: result: yes
configure:2443: checking whether gcc accepts -g
configure:2473: gcc -c -g  conftest.c >&5
configure:2480: $? = 0
configure:2581: result: yes
configure:2598: checking for gcc option to accept ISO C89
configure:2672: gcc  -c -g -O2  conftest.c >&5
configure:2679: $? = 0
configure:2702: result: none needed
configure:2720: checking whether make sets $(MAKE)
configure:2742: result: yes
configure:2796: checking for a BSD-compatible install
configure:2864: result: /usr/bin/install -c
configure:2880: checking for main in -lm
configure:2909: gcc -o conftest -g -O2   conftest.c -lm   >&5
configure:2916: $? = 0
configure:2937: result: yes
configure:2950: checking for main in -lmpac
configure:2979: gcc -o conftest -g -O2   conftest.c -lmpac  -lm  >&5
/usr/bin/ld: cannot find -lmpac
collect2: ld returned 1 exit status
configure:2986: $? = 1
configure: failed program was:
| /* confdefs.h.  */
| #define PACKAGE_NAME "FULL-PACKAGE-NAME"
| #define PACKAGE_TARNAME "full-package-name"
| #define PACKAGE_VERSION "VERSION"
| #define PACKAGE_STRING "FULL-PACKAGE-NAME VERSION"
| #define PACKAGE_BUGREPORT "BUG-REPORT-ADDRESS"
| #define HAVE_LIBM 1
| /* end confdefs.h.  */
| 
| 
| int
| main ()
| {
| return main ();
|   ;
|   return 0;
| }
configure:3007: result: no
configure:3020: checking for main in -lpthread
configure:3049: gcc -o conftest -g -O2   conftest.c -lpthread  -lm  >&5
configure:3056: $? = 0
configure:3077: result: yes
configure:3090: checking for main in -lrt
configure:3119: gcc -o conftest -g -O2   conftest.c -lrt  -lpthread -lm  >&5
configure:3126: $? = 0
configure:3147: result: yes
configure:3165: checking how to run the C preprocessor
configure:3205: gcc -E  conftest.c
configure:3212: $? = 0
configure:3243: gcc -E  conftest.c
conftest.c:11:28: error: ac_nonexistent.h: No such file or directory
configure:3250: $? = 1
configure: failed program was:
| /* confdefs.h.  */
| #define PACKAGE_NAME "FULL-PACKAGE-NAME"
| #define PACKAGE_TARNAME "full-package-name"
| #define PACKAGE_VERSION "VERSION"
| #define PACKAGE_STRING "FULL-PACKAGE-NAME VERSION"
| #define PACKAGE_BUGREPORT "BUG-REPORT-ADDRESS"
| #define HAVE_LIBM 1
| #define HAVE_LIBPTHREAD 1
| #define HAVE_LIBRT 1
| /* end confdefs.h.  */
| #include <ac_nonexistent.h>
configure:3283: result: gcc -E
configure:3312: gcc -E  conftest.c
configure:3319: $? = 0
configure:3350: gcc -E  conftest.c
conftest.c:11:28: error: ac_nonexistent.h: No such file or directory
configure:3357: $? = 1
configure: failed program was:
| /* confdefs.h.  */
| #define PACKAGE_NAME "FULL-PACKAGE-NAME"
| #define PACKAGE_TARNAME "full-package-name"
| #define PACKAGE_VERSION "VERSION"
| #define PACKAGE_STRING "FULL-PACKAGE-NAME VERSION"
| #define PACKAGE_BUGREPORT "BUG-REPORT-ADDRESS"
| #define HAVE_LIBM 1
| #define HAVE_LIBPTHREAD 1
| #define HAVE_LIBRT 1
| /* end confdefs.h.  */
| #include <ac_nonexistent.h>
configure:3397: checking for grep that handles long lines and -e
configure:3457: result: /bin/grep
configure:3462: checking for egrep
configure:3526: result: /bin/grep -E
configure:3531: checking for ANSI C header files
configure:3561: gcc -c -g -O2  conftest.c >&5
configure:3568: $? = 0
configure:3667: gcc -o conftest -g -O2   conftest.c -lrt -lpthread -lm  >&5
configure:3671: $? = 0
configure:3677: ./conftest
configure:3681: $? = 0
configure:3699: result: yes
configure:3723: checking for sys/types.h
configure:3744: gcc -c -g -O2  conftest.c >&5
configure:3751: $? = 0
configure:3768: result: yes
configure:3723: checking for sys/stat.h
configure:3744: gcc -c -g -O2  conftest.c >&5
configure:3751: $? = 0
configure:3768: result: yes
configure:3723: checking for stdlib.h
configure:3744: gcc -c -g -O2  conftest.c >&5
configure:3751: $? = 0
configure:3768: result: yes
configure:3723: checking for string.h
configure:3744: gcc -c -g -O2  conftest.c >&5
configure:3751: $? = 0
configure:3768: result: yes
configure:3723: checking for memory.h
configure:3744: gcc -c -g -O2  conftest.c >&5
configure:3751: $? = 0
configure:3768: result: yes
configure:3723: checking for strings.h
configure:3744: gcc -c -g -O2  conftest.c >&5
configure:3751: $? = 0
configure:3768: result: yes
configure:3723: checking for inttypes.h
configure:3744: gcc -c -g -O2  conftest.c >&5
configure:3751: $? = 0
configure:3768: result: yes
configure:3723: checking for stdint.h
configure:3744: gcc -c -g -O2  conftest.c >&5
configure:3751: $? = 0
configure:3768: result: yes
configure:3723: checking for unistd.h
configure:3744: gcc -c -g -O2  conftest.c >&5
configure:3751: $? = 0
configure:3768: result: yes
configure:3807: checking fcntl.h usability
configure:3824: gcc -c -g -O2  conftest.c >&5
configure:3831: $? = 0
configure:3845: result: yes
configure:3849: checking fcntl.h presence
configure:3864: gcc -E  conftest.c
configure:3871: $? = 0
configure:3885: result: yes
configure:3918: checking for fcntl.h
configure:3927: result: yes
configure:3807: checking float.h usability
configure:3824: gcc -c -g -O2  conftest.c >&5
configure:3831: $? = 0
configure:3845: result: yes
configure:3849: checking float.h presence
configure:3864: gcc -E  conftest.c
configure:3871: $? = 0
configure:3885: result: yes
configure:3918: checking for float.h
configure:3927: result: yes
configure:3807: checking limits.h usability
configure:3824: gcc -c -g -O2  conftest.c >&5
configure:3831: $? = 0
configure:3845: result: yes
configure:3849: checking limits.h presence
configure:3864: gcc -E  conftest.c
configure:3871: $? = 0
configure:3885: result: yes
configure:3918: checking for limits.h
configure:3927: result: yes
configure:3807: checking netdb.h usability
configure:3824: gcc -c -g -O2  conftest.c >&5
configure:3831: $? = 0
configure:3845: result: yes
configure:3849: checking netdb.h presence
configure:3864: gcc -E  conftest.c
configure:3871: $? = 0
configure:3885: result: yes
configure:3918: checking for netdb.h
configure:3927: result: yes
configure:3807: checking netinet/in.h usability
configure:3824: gcc -c -g -O2  conftest.c >&5
configure:3831: $? = 0
configure:3845: result: yes
configure:3849: checking netinet/in.h presence
configure:3864: gcc -E  conftest.c
configure:3871: $? = 0
configure:3885: result: yes
configure:3918: checking for netinet/in.h
configure:3927: result: yes
configure:3796: checking for stdlib.h
configure:3803: result: yes
configure:3796: checking for string.h
configure:3803: result: yes
configure:3807: checking sys/socket.h usability
configure:3824: gcc -c -g -O2  conftest.c >&5
configure:3831: $? = 0
configure:3845: result: yes
configure:3849: checking sys/socket.h presence
configure:3864: gcc -E  conftest.c
configure:3871: $? = 0
configure:3885: result: yes
configure:3918: checking for sys/socket.h
configure:3927: result: yes
configure:3807: checking sys/time.h usability
configure:3824: gcc -c -g -O2  conftest.c >&5
configure:3831: $? = 0
configure:3845: result: yes
configure:3849: checking sys/time.h presence
configure:3864: gcc -E  conftest.c
configure:3871: $? = 0
configure:3885: result: yes
configure:3918: checking for sys/time.h
configure:3927: result: yes
configure:3796: checking for unistd.h
configure:3803: result: yes
configure:3944: checking for an ANSI C-conforming const
configure:4019: gcc -c -g -O2  conftest.c >&5
configure:4026: $? = 0
configure:4041: result: yes
configure:4051: checking whether time.h and sys/time.h may both be included
configure:4081: gcc -c -g -O2  conftest.c >&5
configure:4088: $? = 0
configure:4103: result: yes
configure:4113: checking whether struct tm is in sys/time.h or time.h
configure:4143: gcc -c -g -O2  conftest.c >&5
configure:4150: $? = 0
configure:4165: result: time.h
configure:4195: checking sys/select.h usability
configure:4212: gcc -c -g -O2  conftest.c >&5
configure:4219: $? = 0
configure:4233: result: yes
configure:4237: checking sys/select.h presence
configure:4252: gcc -E  conftest.c
configure:4259: $? = 0
configure:4273: result: yes
configure:4306: checking for sys/select.h
configure:4315: result: yes
configure:4184: checking for sys/socket.h
configure:4191: result: yes
configure:4330: checking types of arguments for select
configure:4368: gcc -c -g -O2  conftest.c >&5
configure:4375: $? = 0
configure:4396: result: int,fd_set *,struct timeval *
configure:4419: checking whether lstat dereferences a symlink specified with a trailing slash
configure:4455: gcc -o conftest -g -O2   conftest.c -lrt -lpthread -lm  >&5
configure:4459: $? = 0
configure:4465: ./conftest
configure:4469: $? = 0
configure:4493: result: yes
configure:4512: checking whether stat accepts an empty string
configure:4542: gcc -o conftest -g -O2   conftest.c -lrt -lpthread -lm  >&5
configure:4546: $? = 0
configure:4552: ./conftest
configure:4556: $? = 0
configure:4573: result: no
configure:4603: checking for clock_gettime
configure:4659: gcc -o conftest -g -O2   conftest.c -lrt -lpthread -lm  >&5
configure:4666: $? = 0
configure:4688: result: yes
configure:4603: checking for gethostbyaddr
configure:4659: gcc -o conftest -g -O2   conftest.c -lrt -lpthread -lm  >&5
configure:4666: $? = 0
configure:4688: result: yes
configure:4603: checking for gethostbyname
configure:4659: gcc -o conftest -g -O2   conftest.c -lrt -lpthread -lm  >&5
configure:4666: $? = 0
configure:4688: result: yes
configure:4603: checking for gettimeofday
configure:4659: gcc -o conftest -g -O2   conftest.c -lrt -lpthread -lm  >&5
configure:4666: $? = 0
configure:4688: result: yes
configure:4603: checking for inet_ntoa
configure:4659: gcc -o conftest -g -O2   conftest.c -lrt -lpthread -lm  >&5
configure:4666: $? = 0
configure:4688: result: yes
configure:4603: checking for memset
configure:4659: gcc -o conftest -g -O2   conftest.c -lrt -lpthread -lm  >&5
conftest.c:66: warning: conflicting types for built-in function 'memset'
configure:4666: $? = 0
configure:4688: result: yes
configure:4603: checking for pow
configure:4659: gcc -o conftest -g -O2   conftest.c -lrt -lpthread -lm  >&5
conftest.c:67: warning: conflicting types for built-in function 'pow'
configure:4666: $? = 0
configure:4688: result: yes
configure:4603: checking for select
configure:4659: gcc -o conftest -g -O2   conftest.c -lrt -lpthread -lm  >&5
configure:4666: $? = 0
configure:4688: result: yes
configure:4603: checking for socket
configure:4659: gcc -o conftest -g -O2   conftest.c -lrt -lpthread -lm  >&5
configure:4666: $? = 0
configure:4688: result: yes
configure:4603: checking for sqrt
configure:4659: gcc -o conftest -g -O2   conftest.c -lrt -lpthread -lm  >&5
conftest.c:70: warning: conflicting types for built-in function 'sqrt'
configure:4666: $? = 0
configure:4688: result: yes
configure:4603: checking for strstr
configure:4659: gcc -o conftest -g -O2   conftest.c -lrt -lpthread -lm  >&5
conftest.c:71: warning: conflicting types for built-in function 'strstr'
configure:4666: $? = 0
configure:4688: result: yes
configure:4805: creating ./config.status

## ---------------------- ##
## Running config.status. ##
## ---------------------- ##

This file was extended by FULL-PACKAGE-NAME config.status VERSION, which was
generated by GNU Autoconf 2.63.  Invocation command line was

  CONFIG_FILES    = 
  CONFIG_HEADERS  = 
  CONFIG_LINKS    = 
  CONFIG_COMMANDS = 
  $ ./config.status 

on kics

config.status:764: creating Makefile
config.status:764: creating benchmarks/Makefile
config.status:764: creating benchmarks/cpu/Makefile
config.status:764: creating benchmarks/mem/Makefile
config.status:764: creating benchmarks/net/Makefile
config.status:764: creating common/Makefile
config.status:764: creating tests/Makefile
config.status:764: creating tests/common_tests/Makefile
config.status:764: creating config.h
config.status:980: config.h is unchanged

## ---------------- ##
## Cache variables. ##
## ---------------- ##

ac_cv_c_compiler_gnu=yes
ac_cv_c_const=yes
ac_cv_env_CC_set=
ac_cv_env_CC_value=
ac_cv_env_CFLAGS_set=
ac_cv_env_CFLAGS_value=
ac_cv_env_CPPFLAGS_set=
ac_cv_env_CPPFLAGS_value=
ac_cv_env_CPP_set=
ac_cv_env_CPP_value=
ac_cv_env_LDFLAGS_set=
ac_cv_env_LDFLAGS_value=
ac_cv_env_LIBS_set=
ac_cv_env_LIBS_value=
ac_cv_env_build_alias_set=
ac_cv_env_build_alias_value=
ac_cv_env_host_alias_set=
ac_cv_env_host_alias_value=
ac_cv_env_target_alias_set=
ac_cv_env_target_alias_value=
ac_cv_func_clock_gettime=yes
ac_cv_func_gethostbyaddr=yes
ac_cv_func_gethostbyname=yes
ac_cv_func_gettimeofday=yes
ac_cv_func_inet_ntoa=yes
ac_cv_func_lstat_dereferences_slashed_symlink=yes
ac_cv_func_memset=yes
ac_cv_func_pow=yes
ac_cv_func_select=yes
ac_cv_func_select_args='int,fd_set *,struct timeval *'
ac_cv_func_socket=yes
ac_cv_func_sqrt=yes
ac_cv_func_stat_empty_string_bug=no
ac_cv_func_strstr=yes
ac_cv_header_fcntl_h=yes
ac_cv_header_float_h=yes
ac_cv_header_inttypes_h=yes
ac_cv_header_limits_h=yes
ac_cv_header_memory_h=yes
ac_cv_header_netdb_h=yes
ac_cv_header_netinet_in_h=yes
ac_cv_header_stdc=yes
ac_cv_header_stdint_h=yes
ac_cv_header_stdlib_h=yes
ac_cv_header_string_h=yes
ac_cv_header_strings_h=yes
ac_cv_header_sys_select_h=yes
ac_cv_header_sys_socket_h=yes
ac_cv_header_sys_stat_h=yes
ac_cv_header_sys_time_h=yes
ac_cv_header_sys_types_h=yes
ac_cv_header_time=yes
ac_cv_header_unistd_h=yes
ac_cv_lib_m_main=yes
ac_cv_lib_mpac_main=no
ac_cv_lib_pthread_main=yes
ac_cv_lib_rt_main=yes
ac_cv_objext=o
ac_cv_path_EGREP='/bin/grep -E'
ac_cv_path_GREP=/bin/grep
ac_cv_path_install='/usr/bin/install -c'
ac_cv_prog_CPP='gcc -E'
ac_cv_prog_ac_ct_CC=gcc
ac_cv_prog_cc_c89=
ac_cv_prog_cc_g=yes
ac_cv_prog_make_make_set=yes
ac_cv_struct_tm=time.h

## ----------------- ##
## Output variables. ##
## ----------------- ##

CC='gcc'
CFLAGS='-g -O2'
CPP='gcc -E'
CPPFLAGS=''
DEFS='-DHAVE_CONFIG_H'
ECHO_C=''
ECHO_N='-n'
ECHO_T=''
EGREP='/bin/grep -E'
EXEEXT=''
GREP='/bin/grep'
INSTALL_DATA='${INSTALL} -m 644'
INSTALL_PROGRAM='${INSTALL}'
INSTALL_SCRIPT='${INSTALL}'
LDFLAGS=''
LIBOBJS=''
LIBS='-lrt -lpthread -lm '
LTLIBOBJS=''
OBJEXT='o'
PACKAGE_BUGREPORT='BUG-REPORT-ADDRESS'
PACKAGE_NAME='FULL-PACKAGE-NAME'
PACKAGE_STRING='FULL-PACKAGE-NAME VERSION'
PACKAGE_TARNAME='full-package-name'
PACKAGE_VERSION='VERSION'
PATH_SEPARATOR=':'
SET_MAKE=''
SHELL='/bin/sh'
ac_ct_CC='gcc'
bindir='${exec_prefix}/bin'
build_alias=''
datadir='${datarootdir}'
datarootdir='${prefix}/share'
docdir='${datarootdir}/doc/${PACKAGE_TARNAME}'
dvidir='${docdir}'
exec_prefix='${prefix}'
host_alias=''
htmldir='${docdir}'
includedir='${prefix}/include'
infodir='${datarootdir}/info'
libdir='${exec_prefix}/lib'
libexecdir='${exec_prefix}/libexec'
localedir='${datarootdir}/locale'
localstatedir='${prefix}/var'
mandir='${datarootdir}/man'
oldincludedir='/usr/include'
pdfdir='${docdir}'
prefix='/usr/local'
program_transform_name='s,x,x,'
psdir='${docdir}'
sbindir='${exec_prefix}/sbin'
sharedstatedir='${prefix}/com'
sysconfdir='${prefix}/etc'
target_alias=''

## ----------- ##
## confdefs.h. ##
## ----------- ##

#define PACKAGE_NAME "FULL-PACKAGE-NAME"
#define PACKAGE_TARNAME "full-package-name"
#define PACKAGE_VERSION "VERSION"
#define PACKAGE_STRING "FULL-PACKAGE-NAME VERSION"
#define PACKAGE_BUGREPORT "BUG-REPORT-ADDRESS"
#define HAVE_LIBM 1
#define HAVE_LIBPTHREAD 1
#define HAVE_LIBRT 1
#define STDC_HEADERS 1
#define HAVE_SYS_TYPES_H 1
#define HAVE_SYS_STAT_H 1
#define HAVE_STDLIB_H 1
#define HAVE_STRING_H 1
#define HAVE_MEMORY_H 1
#define HAVE_STRINGS_H 1
#define HAVE_INTTYPES_H 1
#define HAVE_STDINT_H 1
#define HAVE_UNISTD_H 1
#define HAVE_FCNTL_H 1
#define HAVE_FLOAT_H 1
#define HAVE_LIMITS_H 1
#define HAVE_NETDB_H 1
#define HAVE_NETINET_IN_H 1
#define HAVE_STDLIB_H 1
#define HAVE_STRING_H 1
#define HAVE_SYS_SOCKET_H 1
#define HAVE_SYS_TIME_H 1
#define HAVE_UNISTD_H 1
#define TIME_WITH_SYS_TIME 1
#define HAVE_SYS_SELECT_H 1
#define HAVE_SYS_SOCKET_H 1
#define SELECT_TYPE_ARG1 int
#define SELECT_TYPE_ARG234 (fd_set *)
#define SELECT_TYPE_ARG5 (struct timeval *)
#define LSTAT_FOLLOWS_SLASHED_SYMLINK 1
#define HAVE_CLOCK_GETTIME 1
#define HAVE_GETHOSTBYADDR 1
#define HAVE_GETHOSTBYNAME 1
#define HAVE_GETTIMEOFDAY 1
#define HAVE_INET_NTOA 1
#define HAVE_MEMSET 1
#define HAVE_POW 1
#define HAVE_SELECT 1
#define HAVE_SOCKET 1
#define HAVE_SQRT 1
#define HAVE_STRSTR 1

configure: exit 0
